<?xml version="1.0" encoding="UTF-8"?>
<testsuite xmlns:xsi="http://www.w3.org/2001/XMLSchema-instance" xsi:noNamespaceSchemaLocation="https://maven.apache.org/surefire/maven-surefire-plugin/xsd/surefire-test-report.xsd" name="TestSuite" time="15.204" tests="2" errors="0" skipped="0" failures="2">
  <properties>
    <property name="java.specification.version" value="19"/>
    <property name="sun.cpu.isalist" value="amd64"/>
    <property name="sun.jnu.encoding" value="Cp1252"/>
    <property name="java.class.path" value="C:\Users\kety\IdeaProjects\projekt22\target\test-classes;C:\Users\kety\IdeaProjects\projekt22\target\classes;C:\Users\kety\.m2\repository\org\seleniumhq\selenium\selenium-java\4.6.0\selenium-java-4.6.0.jar;C:\Users\kety\.m2\repository\org\seleniumhq\selenium\selenium-api\4.6.0\selenium-api-4.6.0.jar;C:\Users\kety\.m2\repository\org\seleniumhq\selenium\selenium-chrome-driver\4.6.0\selenium-chrome-driver-4.6.0.jar;C:\Users\kety\.m2\repository\com\google\auto\service\auto-service-annotations\1.0.1\auto-service-annotations-1.0.1.jar;C:\Users\kety\.m2\repository\com\google\auto\service\auto-service\1.0.1\auto-service-1.0.1.jar;C:\Users\kety\.m2\repository\com\google\auto\auto-common\1.2\auto-common-1.2.jar;C:\Users\kety\.m2\repository\com\google\guava\guava\31.1-jre\guava-31.1-jre.jar;C:\Users\kety\.m2\repository\com\google\guava\failureaccess\1.0.1\failureaccess-1.0.1.jar;C:\Users\kety\.m2\repository\com\google\guava\listenablefuture\9999.0-empty-to-avoid-conflict-with-guava\listenablefuture-9999.0-empty-to-avoid-conflict-with-guava.jar;C:\Users\kety\.m2\repository\org\checkerframework\checker-qual\3.12.0\checker-qual-3.12.0.jar;C:\Users\kety\.m2\repository\com\google\errorprone\error_prone_annotations\2.11.0\error_prone_annotations-2.11.0.jar;C:\Users\kety\.m2\repository\com\google\j2objc\j2objc-annotations\1.3\j2objc-annotations-1.3.jar;C:\Users\kety\.m2\repository\org\seleniumhq\selenium\selenium-chromium-driver\4.6.0\selenium-chromium-driver-4.6.0.jar;C:\Users\kety\.m2\repository\org\seleniumhq\selenium\selenium-json\4.6.0\selenium-json-4.6.0.jar;C:\Users\kety\.m2\repository\org\seleniumhq\selenium\selenium-devtools-v105\4.6.0\selenium-devtools-v105-4.6.0.jar;C:\Users\kety\.m2\repository\org\seleniumhq\selenium\selenium-devtools-v106\4.6.0\selenium-devtools-v106-4.6.0.jar;C:\Users\kety\.m2\repository\org\seleniumhq\selenium\selenium-devtools-v107\4.6.0\selenium-devtools-v107-4.6.0.jar;C:\Users\kety\.m2\repository\org\seleniumhq\selenium\selenium-devtools-v85\4.6.0\selenium-devtools-v85-4.6.0.jar;C:\Users\kety\.m2\repository\org\seleniumhq\selenium\selenium-edge-driver\4.6.0\selenium-edge-driver-4.6.0.jar;C:\Users\kety\.m2\repository\org\seleniumhq\selenium\selenium-firefox-driver\4.6.0\selenium-firefox-driver-4.6.0.jar;C:\Users\kety\.m2\repository\org\seleniumhq\selenium\selenium-ie-driver\4.6.0\selenium-ie-driver-4.6.0.jar;C:\Users\kety\.m2\repository\org\seleniumhq\selenium\selenium-remote-driver\4.6.0\selenium-remote-driver-4.6.0.jar;C:\Users\kety\.m2\repository\io\netty\netty-buffer\4.1.84.Final\netty-buffer-4.1.84.Final.jar;C:\Users\kety\.m2\repository\io\netty\netty-codec-http\4.1.84.Final\netty-codec-http-4.1.84.Final.jar;C:\Users\kety\.m2\repository\io\netty\netty-codec\4.1.84.Final\netty-codec-4.1.84.Final.jar;C:\Users\kety\.m2\repository\io\netty\netty-handler\4.1.84.Final\netty-handler-4.1.84.Final.jar;C:\Users\kety\.m2\repository\io\netty\netty-common\4.1.84.Final\netty-common-4.1.84.Final.jar;C:\Users\kety\.m2\repository\io\netty\netty-transport-classes-epoll\4.1.84.Final\netty-transport-classes-epoll-4.1.84.Final.jar;C:\Users\kety\.m2\repository\io\netty\netty-transport-classes-kqueue\4.1.84.Final\netty-transport-classes-kqueue-4.1.84.Final.jar;C:\Users\kety\.m2\repository\io\netty\netty-transport-native-epoll\4.1.84.Final\netty-transport-native-epoll-4.1.84.Final.jar;C:\Users\kety\.m2\repository\io\netty\netty-transport-native-kqueue\4.1.84.Final\netty-transport-native-kqueue-4.1.84.Final.jar;C:\Users\kety\.m2\repository\io\netty\netty-transport-native-unix-common\4.1.84.Final\netty-transport-native-unix-common-4.1.84.Final.jar;C:\Users\kety\.m2\repository\io\netty\netty-transport\4.1.84.Final\netty-transport-4.1.84.Final.jar;C:\Users\kety\.m2\repository\io\netty\netty-resolver\4.1.84.Final\netty-resolver-4.1.84.Final.jar;C:\Users\kety\.m2\repository\io\opentelemetry\opentelemetry-api\1.19.0\opentelemetry-api-1.19.0.jar;C:\Users\kety\.m2\repository\io\opentelemetry\opentelemetry-context\1.19.0\opentelemetry-context-1.19.0.jar;C:\Users\kety\.m2\repository\io\opentelemetry\opentelemetry-exporter-logging\1.19.0\opentelemetry-exporter-logging-1.19.0.jar;C:\Users\kety\.m2\repository\io\opentelemetry\opentelemetry-sdk-metrics\1.19.0\opentelemetry-sdk-metrics-1.19.0.jar;C:\Users\kety\.m2\repository\io\opentelemetry\opentelemetry-sdk-logs\1.19.0-alpha\opentelemetry-sdk-logs-1.19.0-alpha.jar;C:\Users\kety\.m2\repository\io\opentelemetry\opentelemetry-api-logs\1.19.0-alpha\opentelemetry-api-logs-1.19.0-alpha.jar;C:\Users\kety\.m2\repository\io\opentelemetry\opentelemetry-sdk-common\1.19.0\opentelemetry-sdk-common-1.19.0.jar;C:\Users\kety\.m2\repository\io\opentelemetry\opentelemetry-sdk-extension-autoconfigure-spi\1.19.0\opentelemetry-sdk-extension-autoconfigure-spi-1.19.0.jar;C:\Users\kety\.m2\repository\io\opentelemetry\opentelemetry-sdk-extension-autoconfigure\1.19.0-alpha\opentelemetry-sdk-extension-autoconfigure-1.19.0-alpha.jar;C:\Users\kety\.m2\repository\io\opentelemetry\opentelemetry-exporter-common\1.19.0\opentelemetry-exporter-common-1.19.0.jar;C:\Users\kety\.m2\repository\io\opentelemetry\opentelemetry-sdk-trace\1.19.0\opentelemetry-sdk-trace-1.19.0.jar;C:\Users\kety\.m2\repository\io\opentelemetry\opentelemetry-sdk\1.19.0\opentelemetry-sdk-1.19.0.jar;C:\Users\kety\.m2\repository\io\opentelemetry\opentelemetry-semconv\1.19.0-alpha\opentelemetry-semconv-1.19.0-alpha.jar;C:\Users\kety\.m2\repository\io\ous\jtoml\2.0.0\jtoml-2.0.0.jar;C:\Users\kety\.m2\repository\net\bytebuddy\byte-buddy\1.12.18\byte-buddy-1.12.18.jar;C:\Users\kety\.m2\repository\org\apache\commons\commons-exec\1.3\commons-exec-1.3.jar;C:\Users\kety\.m2\repository\org\asynchttpclient\async-http-client\2.12.3\async-http-client-2.12.3.jar;C:\Users\kety\.m2\repository\org\asynchttpclient\async-http-client-netty-utils\2.12.3\async-http-client-netty-utils-2.12.3.jar;C:\Users\kety\.m2\repository\io\netty\netty-codec-socks\4.1.60.Final\netty-codec-socks-4.1.60.Final.jar;C:\Users\kety\.m2\repository\io\netty\netty-handler-proxy\4.1.60.Final\netty-handler-proxy-4.1.60.Final.jar;C:\Users\kety\.m2\repository\io\netty\netty-transport-native-epoll\4.1.60.Final\netty-transport-native-epoll-4.1.60.Final-linux-x86_64.jar;C:\Users\kety\.m2\repository\io\netty\netty-transport-native-kqueue\4.1.60.Final\netty-transport-native-kqueue-4.1.60.Final-osx-x86_64.jar;C:\Users\kety\.m2\repository\org\reactivestreams\reactive-streams\1.0.3\reactive-streams-1.0.3.jar;C:\Users\kety\.m2\repository\com\typesafe\netty\netty-reactive-streams\2.0.4\netty-reactive-streams-2.0.4.jar;C:\Users\kety\.m2\repository\com\sun\activation\jakarta.activation\1.2.2\jakarta.activation-1.2.2.jar;C:\Users\kety\.m2\repository\org\seleniumhq\selenium\selenium-http\4.6.0\selenium-http-4.6.0.jar;C:\Users\kety\.m2\repository\dev\failsafe\failsafe\3.3.0\failsafe-3.3.0.jar;C:\Users\kety\.m2\repository\org\seleniumhq\selenium\selenium-manager\4.6.0\selenium-manager-4.6.0.jar;C:\Users\kety\.m2\repository\org\seleniumhq\selenium\selenium-safari-driver\4.6.0\selenium-safari-driver-4.6.0.jar;C:\Users\kety\.m2\repository\org\seleniumhq\selenium\selenium-support\4.6.0\selenium-support-4.6.0.jar;C:\Users\kety\.m2\repository\org\testng\testng\7.6.1\testng-7.6.1.jar;C:\Users\kety\.m2\repository\com\google\code\findbugs\jsr305\3.0.2\jsr305-3.0.2.jar;C:\Users\kety\.m2\repository\org\slf4j\slf4j-api\1.7.36\slf4j-api-1.7.36.jar;C:\Users\kety\.m2\repository\com\beust\jcommander\1.82\jcommander-1.82.jar;C:\Users\kety\.m2\repository\org\webjars\jquery\3.6.0\jquery-3.6.0.jar;C:\Users\kety\.m2\repository\org\apache\maven\plugins\maven-surefire-report-plugin\2.22.1\maven-surefire-report-plugin-2.22.1.jar;C:\Users\kety\.m2\repository\org\apache\maven\maven-project\2.2.1\maven-project-2.2.1.jar;C:\Users\kety\.m2\repository\org\apache\maven\maven-settings\2.2.1\maven-settings-2.2.1.jar;C:\Users\kety\.m2\repository\org\apache\maven\maven-profile\2.2.1\maven-profile-2.2.1.jar;C:\Users\kety\.m2\repository\org\apache\maven\maven-artifact-manager\2.2.1\maven-artifact-manager-2.2.1.jar;C:\Users\kety\.m2\repository\org\apache\maven\maven-repository-metadata\2.2.1\maven-repository-metadata-2.2.1.jar;C:\Users\kety\.m2\repository\org\apache\maven\wagon\wagon-provider-api\1.0-beta-6\wagon-provider-api-1.0-beta-6.jar;C:\Users\kety\.m2\repository\backport-util-concurrent\backport-util-concurrent\3.1\backport-util-concurrent-3.1.jar;C:\Users\kety\.m2\repository\org\apache\maven\maven-plugin-registry\2.2.1\maven-plugin-registry-2.2.1.jar;C:\Users\kety\.m2\repository\org\codehaus\plexus\plexus-interpolation\1.11\plexus-interpolation-1.11.jar;C:\Users\kety\.m2\repository\org\apache\maven\maven-artifact\2.2.1\maven-artifact-2.2.1.jar;C:\Users\kety\.m2\repository\org\codehaus\plexus\plexus-container-default\1.0-alpha-9-stable-1\plexus-container-default-1.0-alpha-9-stable-1.jar;C:\Users\kety\.m2\repository\junit\junit\3.8.1\junit-3.8.1.jar;C:\Users\kety\.m2\repository\classworlds\classworlds\1.1-alpha-2\classworlds-1.1-alpha-2.jar;C:\Users\kety\.m2\repository\org\apache\maven\maven-model\2.2.1\maven-model-2.2.1.jar;C:\Users\kety\.m2\repository\org\apache\maven\maven-plugin-api\2.2.1\maven-plugin-api-2.2.1.jar;C:\Users\kety\.m2\repository\org\apache\maven\plugin-tools\maven-plugin-annotations\3.5.2\maven-plugin-annotations-3.5.2.jar;C:\Users\kety\.m2\repository\org\apache\maven\surefire\surefire-report-parser\2.22.1\surefire-report-parser-2.22.1.jar;C:\Users\kety\.m2\repository\org\apache\maven\surefire\surefire-logger-api\2.22.1\surefire-logger-api-2.22.1.jar;C:\Users\kety\.m2\repository\org\apache\maven\reporting\maven-reporting-api\3.0\maven-reporting-api-3.0.jar;C:\Users\kety\.m2\repository\org\apache\maven\reporting\maven-reporting-impl\2.4\maven-reporting-impl-2.4.jar;C:\Users\kety\.m2\repository\org\apache\maven\doxia\doxia-sink-api\1.6\doxia-sink-api-1.6.jar;C:\Users\kety\.m2\repository\org\apache\maven\doxia\doxia-core\1.6\doxia-core-1.6.jar;C:\Users\kety\.m2\repository\xerces\xercesImpl\2.9.1\xercesImpl-2.9.1.jar;C:\Users\kety\.m2\repository\xml-apis\xml-apis\1.3.04\xml-apis-1.3.04.jar;C:\Users\kety\.m2\repository\commons-lang\commons-lang\2.4\commons-lang-2.4.jar;C:\Users\kety\.m2\repository\org\apache\httpcomponents\httpclient\4.0.2\httpclient-4.0.2.jar;C:\Users\kety\.m2\repository\commons-codec\commons-codec\1.3\commons-codec-1.3.jar;C:\Users\kety\.m2\repository\org\apache\httpcomponents\httpcore\4.0.1\httpcore-4.0.1.jar;C:\Users\kety\.m2\repository\xmlunit\xmlunit\1.5\xmlunit-1.5.jar;C:\Users\kety\.m2\repository\commons-validator\commons-validator\1.4.1\commons-validator-1.4.1.jar;C:\Users\kety\.m2\repository\commons-beanutils\commons-beanutils\1.8.3\commons-beanutils-1.8.3.jar;C:\Users\kety\.m2\repository\commons-digester\commons-digester\1.8.1\commons-digester-1.8.1.jar;C:\Users\kety\.m2\repository\commons-logging\commons-logging\1.2\commons-logging-1.2.jar;C:\Users\kety\.m2\repository\org\apache\maven\doxia\doxia-site-renderer\1.6\doxia-site-renderer-1.6.jar;C:\Users\kety\.m2\repository\org\apache\maven\doxia\doxia-logging-api\1.6\doxia-logging-api-1.6.jar;C:\Users\kety\.m2\repository\org\apache\maven\doxia\doxia-decoration-model\1.6\doxia-decoration-model-1.6.jar;C:\Users\kety\.m2\repository\org\apache\maven\doxia\doxia-module-xhtml\1.6\doxia-module-xhtml-1.6.jar;C:\Users\kety\.m2\repository\org\apache\maven\doxia\doxia-module-fml\1.6\doxia-module-fml-1.6.jar;C:\Users\kety\.m2\repository\org\codehaus\plexus\plexus-i18n\1.0-beta-7\plexus-i18n-1.0-beta-7.jar;C:\Users\kety\.m2\repository\org\codehaus\plexus\plexus-velocity\1.1.7\plexus-velocity-1.1.7.jar;C:\Users\kety\.m2\repository\org\apache\velocity\velocity\1.5\velocity-1.5.jar;C:\Users\kety\.m2\repository\oro\oro\2.0.8\oro-2.0.8.jar;C:\Users\kety\.m2\repository\org\apache\velocity\velocity-tools\2.0\velocity-tools-2.0.jar;C:\Users\kety\.m2\repository\commons-chain\commons-chain\1.1\commons-chain-1.1.jar;C:\Users\kety\.m2\repository\dom4j\dom4j\1.1\dom4j-1.1.jar;C:\Users\kety\.m2\repository\sslext\sslext\1.2-0\sslext-1.2-0.jar;C:\Users\kety\.m2\repository\org\apache\struts\struts-core\1.3.8\struts-core-1.3.8.jar;C:\Users\kety\.m2\repository\antlr\antlr\2.7.2\antlr-2.7.2.jar;C:\Users\kety\.m2\repository\org\apache\struts\struts-taglib\1.3.8\struts-taglib-1.3.8.jar;C:\Users\kety\.m2\repository\org\apache\struts\struts-tiles\1.3.8\struts-tiles-1.3.8.jar;C:\Users\kety\.m2\repository\commons-collections\commons-collections\3.2.1\commons-collections-3.2.1.jar;C:\Users\kety\.m2\repository\org\codehaus\plexus\plexus-component-annotations\1.5.5\plexus-component-annotations-1.5.5.jar;C:\Users\kety\.m2\repository\org\codehaus\plexus\plexus-utils\3.0.15\plexus-utils-3.0.15.jar;C:\Users\kety\.m2\repository\org\apache\maven\plugins\maven-compiler-plugin\3.10.1\maven-compiler-plugin-3.10.1.jar;C:\Users\kety\.m2\repository\org\apache\maven\shared\maven-shared-utils\3.3.4\maven-shared-utils-3.3.4.jar;C:\Users\kety\.m2\repository\commons-io\commons-io\2.6\commons-io-2.6.jar;C:\Users\kety\.m2\repository\org\apache\maven\shared\maven-shared-incremental\1.1\maven-shared-incremental-1.1.jar;C:\Users\kety\.m2\repository\org\codehaus\plexus\plexus-java\1.1.1\plexus-java-1.1.1.jar;C:\Users\kety\.m2\repository\org\ow2\asm\asm\9.2\asm-9.2.jar;C:\Users\kety\.m2\repository\com\thoughtworks\qdox\qdox\2.0.1\qdox-2.0.1.jar;C:\Users\kety\.m2\repository\org\codehaus\plexus\plexus-compiler-api\2.11.1\plexus-compiler-api-2.11.1.jar;C:\Users\kety\.m2\repository\org\codehaus\plexus\plexus-compiler-manager\2.11.1\plexus-compiler-manager-2.11.1.jar;C:\Users\kety\.m2\repository\org\codehaus\plexus\plexus-compiler-javac\2.11.1\plexus-compiler-javac-2.11.1.jar;"/>
    <property name="java.vm.vendor" value="Oracle Corporation"/>
    <property name="sun.arch.data.model" value="64"/>
    <property name="user.variant" value=""/>
    <property name="java.vendor.url" value="https://java.oracle.com/"/>
    <property name="user.timezone" value="Europe/Zagreb"/>
    <property name="user.country.format" value="HR"/>
    <property name="os.name" value="Windows 10"/>
    <property name="java.vm.specification.version" value="19"/>
    <property name="sun.java.launcher" value="SUN_STANDARD"/>
    <property name="user.country" value="US"/>
    <property name="sun.boot.library.path" value="C:\Program Files\Java\jdk-19\bin"/>
    <property name="sun.java.command" value="C:\Users\kety\AppData\Local\Temp\surefire463456316692620722\surefirebooter2042344096082506533.jar C:\Users\kety\AppData\Local\Temp\surefire463456316692620722 2022-12-05T14-28-54_344-jvmRun1 surefire10726065756300711889tmp surefire_014560735545812777773tmp"/>
    <property name="jdk.debug" value="release"/>
    <property name="surefire.test.class.path" value="C:\Users\kety\IdeaProjects\projekt22\target\test-classes;C:\Users\kety\IdeaProjects\projekt22\target\classes;C:\Users\kety\.m2\repository\org\seleniumhq\selenium\selenium-java\4.6.0\selenium-java-4.6.0.jar;C:\Users\kety\.m2\repository\org\seleniumhq\selenium\selenium-api\4.6.0\selenium-api-4.6.0.jar;C:\Users\kety\.m2\repository\org\seleniumhq\selenium\selenium-chrome-driver\4.6.0\selenium-chrome-driver-4.6.0.jar;C:\Users\kety\.m2\repository\com\google\auto\service\auto-service-annotations\1.0.1\auto-service-annotations-1.0.1.jar;C:\Users\kety\.m2\repository\com\google\auto\service\auto-service\1.0.1\auto-service-1.0.1.jar;C:\Users\kety\.m2\repository\com\google\auto\auto-common\1.2\auto-common-1.2.jar;C:\Users\kety\.m2\repository\com\google\guava\guava\31.1-jre\guava-31.1-jre.jar;C:\Users\kety\.m2\repository\com\google\guava\failureaccess\1.0.1\failureaccess-1.0.1.jar;C:\Users\kety\.m2\repository\com\google\guava\listenablefuture\9999.0-empty-to-avoid-conflict-with-guava\listenablefuture-9999.0-empty-to-avoid-conflict-with-guava.jar;C:\Users\kety\.m2\repository\org\checkerframework\checker-qual\3.12.0\checker-qual-3.12.0.jar;C:\Users\kety\.m2\repository\com\google\errorprone\error_prone_annotations\2.11.0\error_prone_annotations-2.11.0.jar;C:\Users\kety\.m2\repository\com\google\j2objc\j2objc-annotations\1.3\j2objc-annotations-1.3.jar;C:\Users\kety\.m2\repository\org\seleniumhq\selenium\selenium-chromium-driver\4.6.0\selenium-chromium-driver-4.6.0.jar;C:\Users\kety\.m2\repository\org\seleniumhq\selenium\selenium-json\4.6.0\selenium-json-4.6.0.jar;C:\Users\kety\.m2\repository\org\seleniumhq\selenium\selenium-devtools-v105\4.6.0\selenium-devtools-v105-4.6.0.jar;C:\Users\kety\.m2\repository\org\seleniumhq\selenium\selenium-devtools-v106\4.6.0\selenium-devtools-v106-4.6.0.jar;C:\Users\kety\.m2\repository\org\seleniumhq\selenium\selenium-devtools-v107\4.6.0\selenium-devtools-v107-4.6.0.jar;C:\Users\kety\.m2\repository\org\seleniumhq\selenium\selenium-devtools-v85\4.6.0\selenium-devtools-v85-4.6.0.jar;C:\Users\kety\.m2\repository\org\seleniumhq\selenium\selenium-edge-driver\4.6.0\selenium-edge-driver-4.6.0.jar;C:\Users\kety\.m2\repository\org\seleniumhq\selenium\selenium-firefox-driver\4.6.0\selenium-firefox-driver-4.6.0.jar;C:\Users\kety\.m2\repository\org\seleniumhq\selenium\selenium-ie-driver\4.6.0\selenium-ie-driver-4.6.0.jar;C:\Users\kety\.m2\repository\org\seleniumhq\selenium\selenium-remote-driver\4.6.0\selenium-remote-driver-4.6.0.jar;C:\Users\kety\.m2\repository\io\netty\netty-buffer\4.1.84.Final\netty-buffer-4.1.84.Final.jar;C:\Users\kety\.m2\repository\io\netty\netty-codec-http\4.1.84.Final\netty-codec-http-4.1.84.Final.jar;C:\Users\kety\.m2\repository\io\netty\netty-codec\4.1.84.Final\netty-codec-4.1.84.Final.jar;C:\Users\kety\.m2\repository\io\netty\netty-handler\4.1.84.Final\netty-handler-4.1.84.Final.jar;C:\Users\kety\.m2\repository\io\netty\netty-common\4.1.84.Final\netty-common-4.1.84.Final.jar;C:\Users\kety\.m2\repository\io\netty\netty-transport-classes-epoll\4.1.84.Final\netty-transport-classes-epoll-4.1.84.Final.jar;C:\Users\kety\.m2\repository\io\netty\netty-transport-classes-kqueue\4.1.84.Final\netty-transport-classes-kqueue-4.1.84.Final.jar;C:\Users\kety\.m2\repository\io\netty\netty-transport-native-epoll\4.1.84.Final\netty-transport-native-epoll-4.1.84.Final.jar;C:\Users\kety\.m2\repository\io\netty\netty-transport-native-kqueue\4.1.84.Final\netty-transport-native-kqueue-4.1.84.Final.jar;C:\Users\kety\.m2\repository\io\netty\netty-transport-native-unix-common\4.1.84.Final\netty-transport-native-unix-common-4.1.84.Final.jar;C:\Users\kety\.m2\repository\io\netty\netty-transport\4.1.84.Final\netty-transport-4.1.84.Final.jar;C:\Users\kety\.m2\repository\io\netty\netty-resolver\4.1.84.Final\netty-resolver-4.1.84.Final.jar;C:\Users\kety\.m2\repository\io\opentelemetry\opentelemetry-api\1.19.0\opentelemetry-api-1.19.0.jar;C:\Users\kety\.m2\repository\io\opentelemetry\opentelemetry-context\1.19.0\opentelemetry-context-1.19.0.jar;C:\Users\kety\.m2\repository\io\opentelemetry\opentelemetry-exporter-logging\1.19.0\opentelemetry-exporter-logging-1.19.0.jar;C:\Users\kety\.m2\repository\io\opentelemetry\opentelemetry-sdk-metrics\1.19.0\opentelemetry-sdk-metrics-1.19.0.jar;C:\Users\kety\.m2\repository\io\opentelemetry\opentelemetry-sdk-logs\1.19.0-alpha\opentelemetry-sdk-logs-1.19.0-alpha.jar;C:\Users\kety\.m2\repository\io\opentelemetry\opentelemetry-api-logs\1.19.0-alpha\opentelemetry-api-logs-1.19.0-alpha.jar;C:\Users\kety\.m2\repository\io\opentelemetry\opentelemetry-sdk-common\1.19.0\opentelemetry-sdk-common-1.19.0.jar;C:\Users\kety\.m2\repository\io\opentelemetry\opentelemetry-sdk-extension-autoconfigure-spi\1.19.0\opentelemetry-sdk-extension-autoconfigure-spi-1.19.0.jar;C:\Users\kety\.m2\repository\io\opentelemetry\opentelemetry-sdk-extension-autoconfigure\1.19.0-alpha\opentelemetry-sdk-extension-autoconfigure-1.19.0-alpha.jar;C:\Users\kety\.m2\repository\io\opentelemetry\opentelemetry-exporter-common\1.19.0\opentelemetry-exporter-common-1.19.0.jar;C:\Users\kety\.m2\repository\io\opentelemetry\opentelemetry-sdk-trace\1.19.0\opentelemetry-sdk-trace-1.19.0.jar;C:\Users\kety\.m2\repository\io\opentelemetry\opentelemetry-sdk\1.19.0\opentelemetry-sdk-1.19.0.jar;C:\Users\kety\.m2\repository\io\opentelemetry\opentelemetry-semconv\1.19.0-alpha\opentelemetry-semconv-1.19.0-alpha.jar;C:\Users\kety\.m2\repository\io\ous\jtoml\2.0.0\jtoml-2.0.0.jar;C:\Users\kety\.m2\repository\net\bytebuddy\byte-buddy\1.12.18\byte-buddy-1.12.18.jar;C:\Users\kety\.m2\repository\org\apache\commons\commons-exec\1.3\commons-exec-1.3.jar;C:\Users\kety\.m2\repository\org\asynchttpclient\async-http-client\2.12.3\async-http-client-2.12.3.jar;C:\Users\kety\.m2\repository\org\asynchttpclient\async-http-client-netty-utils\2.12.3\async-http-client-netty-utils-2.12.3.jar;C:\Users\kety\.m2\repository\io\netty\netty-codec-socks\4.1.60.Final\netty-codec-socks-4.1.60.Final.jar;C:\Users\kety\.m2\repository\io\netty\netty-handler-proxy\4.1.60.Final\netty-handler-proxy-4.1.60.Final.jar;C:\Users\kety\.m2\repository\io\netty\netty-transport-native-epoll\4.1.60.Final\netty-transport-native-epoll-4.1.60.Final-linux-x86_64.jar;C:\Users\kety\.m2\repository\io\netty\netty-transport-native-kqueue\4.1.60.Final\netty-transport-native-kqueue-4.1.60.Final-osx-x86_64.jar;C:\Users\kety\.m2\repository\org\reactivestreams\reactive-streams\1.0.3\reactive-streams-1.0.3.jar;C:\Users\kety\.m2\repository\com\typesafe\netty\netty-reactive-streams\2.0.4\netty-reactive-streams-2.0.4.jar;C:\Users\kety\.m2\repository\com\sun\activation\jakarta.activation\1.2.2\jakarta.activation-1.2.2.jar;C:\Users\kety\.m2\repository\org\seleniumhq\selenium\selenium-http\4.6.0\selenium-http-4.6.0.jar;C:\Users\kety\.m2\repository\dev\failsafe\failsafe\3.3.0\failsafe-3.3.0.jar;C:\Users\kety\.m2\repository\org\seleniumhq\selenium\selenium-manager\4.6.0\selenium-manager-4.6.0.jar;C:\Users\kety\.m2\repository\org\seleniumhq\selenium\selenium-safari-driver\4.6.0\selenium-safari-driver-4.6.0.jar;C:\Users\kety\.m2\repository\org\seleniumhq\selenium\selenium-support\4.6.0\selenium-support-4.6.0.jar;C:\Users\kety\.m2\repository\org\testng\testng\7.6.1\testng-7.6.1.jar;C:\Users\kety\.m2\repository\com\google\code\findbugs\jsr305\3.0.2\jsr305-3.0.2.jar;C:\Users\kety\.m2\repository\org\slf4j\slf4j-api\1.7.36\slf4j-api-1.7.36.jar;C:\Users\kety\.m2\repository\com\beust\jcommander\1.82\jcommander-1.82.jar;C:\Users\kety\.m2\repository\org\webjars\jquery\3.6.0\jquery-3.6.0.jar;C:\Users\kety\.m2\repository\org\apache\maven\plugins\maven-surefire-report-plugin\2.22.1\maven-surefire-report-plugin-2.22.1.jar;C:\Users\kety\.m2\repository\org\apache\maven\maven-project\2.2.1\maven-project-2.2.1.jar;C:\Users\kety\.m2\repository\org\apache\maven\maven-settings\2.2.1\maven-settings-2.2.1.jar;C:\Users\kety\.m2\repository\org\apache\maven\maven-profile\2.2.1\maven-profile-2.2.1.jar;C:\Users\kety\.m2\repository\org\apache\maven\maven-artifact-manager\2.2.1\maven-artifact-manager-2.2.1.jar;C:\Users\kety\.m2\repository\org\apache\maven\maven-repository-metadata\2.2.1\maven-repository-metadata-2.2.1.jar;C:\Users\kety\.m2\repository\org\apache\maven\wagon\wagon-provider-api\1.0-beta-6\wagon-provider-api-1.0-beta-6.jar;C:\Users\kety\.m2\repository\backport-util-concurrent\backport-util-concurrent\3.1\backport-util-concurrent-3.1.jar;C:\Users\kety\.m2\repository\org\apache\maven\maven-plugin-registry\2.2.1\maven-plugin-registry-2.2.1.jar;C:\Users\kety\.m2\repository\org\codehaus\plexus\plexus-interpolation\1.11\plexus-interpolation-1.11.jar;C:\Users\kety\.m2\repository\org\apache\maven\maven-artifact\2.2.1\maven-artifact-2.2.1.jar;C:\Users\kety\.m2\repository\org\codehaus\plexus\plexus-container-default\1.0-alpha-9-stable-1\plexus-container-default-1.0-alpha-9-stable-1.jar;C:\Users\kety\.m2\repository\junit\junit\3.8.1\junit-3.8.1.jar;C:\Users\kety\.m2\repository\classworlds\classworlds\1.1-alpha-2\classworlds-1.1-alpha-2.jar;C:\Users\kety\.m2\repository\org\apache\maven\maven-model\2.2.1\maven-model-2.2.1.jar;C:\Users\kety\.m2\repository\org\apache\maven\maven-plugin-api\2.2.1\maven-plugin-api-2.2.1.jar;C:\Users\kety\.m2\repository\org\apache\maven\plugin-tools\maven-plugin-annotations\3.5.2\maven-plugin-annotations-3.5.2.jar;C:\Users\kety\.m2\repository\org\apache\maven\surefire\surefire-report-parser\2.22.1\surefire-report-parser-2.22.1.jar;C:\Users\kety\.m2\repository\org\apache\maven\surefire\surefire-logger-api\2.22.1\surefire-logger-api-2.22.1.jar;C:\Users\kety\.m2\repository\org\apache\maven\reporting\maven-reporting-api\3.0\maven-reporting-api-3.0.jar;C:\Users\kety\.m2\repository\org\apache\maven\reporting\maven-reporting-impl\2.4\maven-reporting-impl-2.4.jar;C:\Users\kety\.m2\repository\org\apache\maven\doxia\doxia-sink-api\1.6\doxia-sink-api-1.6.jar;C:\Users\kety\.m2\repository\org\apache\maven\doxia\doxia-core\1.6\doxia-core-1.6.jar;C:\Users\kety\.m2\repository\xerces\xercesImpl\2.9.1\xercesImpl-2.9.1.jar;C:\Users\kety\.m2\repository\xml-apis\xml-apis\1.3.04\xml-apis-1.3.04.jar;C:\Users\kety\.m2\repository\commons-lang\commons-lang\2.4\commons-lang-2.4.jar;C:\Users\kety\.m2\repository\org\apache\httpcomponents\httpclient\4.0.2\httpclient-4.0.2.jar;C:\Users\kety\.m2\repository\commons-codec\commons-codec\1.3\commons-codec-1.3.jar;C:\Users\kety\.m2\repository\org\apache\httpcomponents\httpcore\4.0.1\httpcore-4.0.1.jar;C:\Users\kety\.m2\repository\xmlunit\xmlunit\1.5\xmlunit-1.5.jar;C:\Users\kety\.m2\repository\commons-validator\commons-validator\1.4.1\commons-validator-1.4.1.jar;C:\Users\kety\.m2\repository\commons-beanutils\commons-beanutils\1.8.3\commons-beanutils-1.8.3.jar;C:\Users\kety\.m2\repository\commons-digester\commons-digester\1.8.1\commons-digester-1.8.1.jar;C:\Users\kety\.m2\repository\commons-logging\commons-logging\1.2\commons-logging-1.2.jar;C:\Users\kety\.m2\repository\org\apache\maven\doxia\doxia-site-renderer\1.6\doxia-site-renderer-1.6.jar;C:\Users\kety\.m2\repository\org\apache\maven\doxia\doxia-logging-api\1.6\doxia-logging-api-1.6.jar;C:\Users\kety\.m2\repository\org\apache\maven\doxia\doxia-decoration-model\1.6\doxia-decoration-model-1.6.jar;C:\Users\kety\.m2\repository\org\apache\maven\doxia\doxia-module-xhtml\1.6\doxia-module-xhtml-1.6.jar;C:\Users\kety\.m2\repository\org\apache\maven\doxia\doxia-module-fml\1.6\doxia-module-fml-1.6.jar;C:\Users\kety\.m2\repository\org\codehaus\plexus\plexus-i18n\1.0-beta-7\plexus-i18n-1.0-beta-7.jar;C:\Users\kety\.m2\repository\org\codehaus\plexus\plexus-velocity\1.1.7\plexus-velocity-1.1.7.jar;C:\Users\kety\.m2\repository\org\apache\velocity\velocity\1.5\velocity-1.5.jar;C:\Users\kety\.m2\repository\oro\oro\2.0.8\oro-2.0.8.jar;C:\Users\kety\.m2\repository\org\apache\velocity\velocity-tools\2.0\velocity-tools-2.0.jar;C:\Users\kety\.m2\repository\commons-chain\commons-chain\1.1\commons-chain-1.1.jar;C:\Users\kety\.m2\repository\dom4j\dom4j\1.1\dom4j-1.1.jar;C:\Users\kety\.m2\repository\sslext\sslext\1.2-0\sslext-1.2-0.jar;C:\Users\kety\.m2\repository\org\apache\struts\struts-core\1.3.8\struts-core-1.3.8.jar;C:\Users\kety\.m2\repository\antlr\antlr\2.7.2\antlr-2.7.2.jar;C:\Users\kety\.m2\repository\org\apache\struts\struts-taglib\1.3.8\struts-taglib-1.3.8.jar;C:\Users\kety\.m2\repository\org\apache\struts\struts-tiles\1.3.8\struts-tiles-1.3.8.jar;C:\Users\kety\.m2\repository\commons-collections\commons-collections\3.2.1\commons-collections-3.2.1.jar;C:\Users\kety\.m2\repository\org\codehaus\plexus\plexus-component-annotations\1.5.5\plexus-component-annotations-1.5.5.jar;C:\Users\kety\.m2\repository\org\codehaus\plexus\plexus-utils\3.0.15\plexus-utils-3.0.15.jar;C:\Users\kety\.m2\repository\org\apache\maven\plugins\maven-compiler-plugin\3.10.1\maven-compiler-plugin-3.10.1.jar;C:\Users\kety\.m2\repository\org\apache\maven\shared\maven-shared-utils\3.3.4\maven-shared-utils-3.3.4.jar;C:\Users\kety\.m2\repository\commons-io\commons-io\2.6\commons-io-2.6.jar;C:\Users\kety\.m2\repository\org\apache\maven\shared\maven-shared-incremental\1.1\maven-shared-incremental-1.1.jar;C:\Users\kety\.m2\repository\org\codehaus\plexus\plexus-java\1.1.1\plexus-java-1.1.1.jar;C:\Users\kety\.m2\repository\org\ow2\asm\asm\9.2\asm-9.2.jar;C:\Users\kety\.m2\repository\com\thoughtworks\qdox\qdox\2.0.1\qdox-2.0.1.jar;C:\Users\kety\.m2\repository\org\codehaus\plexus\plexus-compiler-api\2.11.1\plexus-compiler-api-2.11.1.jar;C:\Users\kety\.m2\repository\org\codehaus\plexus\plexus-compiler-manager\2.11.1\plexus-compiler-manager-2.11.1.jar;C:\Users\kety\.m2\repository\org\codehaus\plexus\plexus-compiler-javac\2.11.1\plexus-compiler-javac-2.11.1.jar;"/>
    <property name="sun.cpu.endian" value="little"/>
    <property name="user.home" value="C:\Users\kety"/>
    <property name="user.language" value="en"/>
    <property name="java.specification.vendor" value="Oracle Corporation"/>
    <property name="java.version.date" value="2022-10-18"/>
    <property name="java.home" value="C:\Program Files\Java\jdk-19"/>
    <property name="file.separator" value="\"/>
    <property name="basedir" value="C:\Users\kety\IdeaProjects\projekt22"/>
    <property name="java.vm.compressedOopsMode" value="Zero based"/>
    <property name="line.separator" value="&#10;"/>
    <property name="java.vm.specification.vendor" value="Oracle Corporation"/>
    <property name="java.specification.name" value="Java Platform API Specification"/>
    <property name="surefire.real.class.path" value="C:\Users\kety\AppData\Local\Temp\surefire463456316692620722\surefirebooter2042344096082506533.jar"/>
    <property name="user.script" value=""/>
    <property name="sun.management.compiler" value="HotSpot 64-Bit Tiered Compilers"/>
    <property name="java.runtime.version" value="19.0.1+10-21"/>
    <property name="user.name" value="kety"/>
    <property name="stdout.encoding" value="Cp1252"/>
    <property name="path.separator" value=";"/>
    <property name="os.version" value="10.0"/>
    <property name="java.runtime.name" value="Java(TM) SE Runtime Environment"/>
    <property name="file.encoding" value="UTF-8"/>
    <property name="java.vm.name" value="Java HotSpot(TM) 64-Bit Server VM"/>
    <property name="localRepository" value="C:\Users\kety\.m2\repository"/>
    <property name="java.vendor.url.bug" value="https://bugreport.java.com/bugreport/"/>
    <property name="java.io.tmpdir" value="C:\Users\kety\AppData\Local\Temp\"/>
    <property name="idea.version" value="2022.3"/>
    <property name="java.version" value="19.0.1"/>
    <property name="user.dir" value="C:\Users\kety\IdeaProjects\projekt22"/>
    <property name="os.arch" value="amd64"/>
    <property name="java.vm.specification.name" value="Java Virtual Machine Specification"/>
    <property name="user.language.format" value="hr"/>
    <property name="sun.os.patch.level" value=""/>
    <property name="native.encoding" value="Cp1252"/>
    <property name="java.library.path" value="C:\Program Files\Java\jdk-19\bin;C:\Windows\Sun\Java\bin;C:\Windows\system32;C:\Windows;C:\Program Files\Common Files\Oracle\Java\javapath;C:\Program Files (x86)\Common Files\Oracle\Java\javapath;C:\Windows\system32;C:\Windows;C:\Windows\System32\Wbem;C:\Windows\System32\WindowsPowerShell\v1.0\;C:\Windows\System32\OpenSSH\;C:\Program Files (x86)\NVIDIA Corporation\PhysX\Common;D:\MatlabR2020a\runtime\win64;D:\MatlabR2020a\bin;C:\Program Files\Azure Data Studio\bin;C:\Program Files\Microsoft SQL Server\Client SDK\ODBC\170\Tools\Binn\;C:\Program Files (x86)\Microsoft SQL Server\150\Tools\Binn\;C:\Program Files\Microsoft SQL Server\150\Tools\Binn\;C:\Program Files\Microsoft SQL Server\150\DTS\Binn\;C:\Program Files\NVIDIA Corporation\NVIDIA NvDLISR;C:\Program Files\Git\cmd;C:\Program Files\dotnet\;C:\Users\kety\AppData\Local\Microsoft\WindowsApps;C:\Users\kety\AppData\Local\Programs\Microsoft VS Code\bin;C:\Program Files\Azure Data Studio\bin;C:\Users\kety\AppData\Local\GitHubDesktop\bin;C:\Users\kety\.dotnet\tools;."/>
    <property name="java.vm.info" value="mixed mode, sharing"/>
    <property name="stderr.encoding" value="Cp1252"/>
    <property name="java.vendor" value="Oracle Corporation"/>
    <property name="java.vm.version" value="19.0.1+10-21"/>
    <property name="sun.io.unicode.encoding" value="UnicodeLittle"/>
    <property name="java.class.version" value="63.0"/>
  </properties>
  <testcase name="googleSearchTest" classname="FirstTest" time="7.399">
    <failure message="no such element: Unable to locate element: {&quot;method&quot;:&quot;xpath&quot;,&quot;selector&quot;:&quot;//*[@id=&quot;rso&quot;]/div[1]/div/div/div/div/div/div/div[1]/a/h3&quot;}&#10;  (Session info: chrome=108.0.5359.95)&#10;For documentation on this error, please visit: https://selenium.dev/exceptions/#no_such_element&#10;Build info: version: &apos;4.6.0&apos;, revision: &apos;79f1c02ae20&apos;&#10;System info: os.name: &apos;Windows 10&apos;, os.arch: &apos;amd64&apos;, os.version: &apos;10.0&apos;, java.version: &apos;19.0.1&apos;&#10;Driver info: org.openqa.selenium.chrome.ChromeDriver&#10;Command: [5e52561583d14660ebadcb458cc830a7, findElement {using=xpath, value=//*[@id=&quot;rso&quot;]/div[1]/div/div/div/div/div/div/div[1]/a/h3}]&#10;Capabilities {acceptInsecureCerts: false, browserName: chrome, browserVersion: 108.0.5359.95, chrome: {chromedriverVersion: 108.0.5359.71 (1e0e3868ee06..., userDataDir: C:\Users\kety\AppData\Local...}, goog:chromeOptions: {debuggerAddress: localhost:56375}, networkConnectionEnabled: false, pageLoadStrategy: normal, platformName: WINDOWS, proxy: Proxy(), se:cdp: ws://localhost:56375/devtoo..., se:cdpVersion: 108.0.5359.95, setWindowRect: true, strictFileInteractability: false, timeouts: {implicit: 0, pageLoad: 300000, script: 30000}, unhandledPromptBehavior: dismiss and notify, webauthn:extension:credBlob: true, webauthn:extension:largeBlob: true, webauthn:virtualAuthenticators: true}&#10;Session ID: 5e52561583d14660ebadcb458cc830a7" type="org.openqa.selenium.NoSuchElementException">org.openqa.selenium.NoSuchElementException: 
no such element: Unable to locate element: {"method":"xpath","selector":"//*[@id="rso"]/div[1]/div/div/div/div/div/div/div[1]/a/h3"}
  (Session info: chrome=108.0.5359.95)
For documentation on this error, please visit: https://selenium.dev/exceptions/#no_such_element
Build info: version: '4.6.0', revision: '79f1c02ae20'
System info: os.name: 'Windows 10', os.arch: 'amd64', os.version: '10.0', java.version: '19.0.1'
Driver info: org.openqa.selenium.chrome.ChromeDriver
Command: [5e52561583d14660ebadcb458cc830a7, findElement {using=xpath, value=//*[@id="rso"]/div[1]/div/div/div/div/div/div/div[1]/a/h3}]
Capabilities {acceptInsecureCerts: false, browserName: chrome, browserVersion: 108.0.5359.95, chrome: {chromedriverVersion: 108.0.5359.71 (1e0e3868ee06..., userDataDir: C:\Users\kety\AppData\Local...}, goog:chromeOptions: {debuggerAddress: localhost:56375}, networkConnectionEnabled: false, pageLoadStrategy: normal, platformName: WINDOWS, proxy: Proxy(), se:cdp: ws://localhost:56375/devtoo..., se:cdpVersion: 108.0.5359.95, setWindowRect: true, strictFileInteractability: false, timeouts: {implicit: 0, pageLoad: 300000, script: 30000}, unhandledPromptBehavior: dismiss and notify, webauthn:extension:credBlob: true, webauthn:extension:largeBlob: true, webauthn:virtualAuthenticators: true}
Session ID: 5e52561583d14660ebadcb458cc830a7
	at FirstTest.googleSearchTest(FirstTest.java:47)
</failure>
    <system-err><![CDATA[SLF4J: Failed to load class "org.slf4j.impl.StaticLoggerBinder".
SLF4J: Defaulting to no-operation (NOP) logger implementation
SLF4J: See http://www.slf4j.org/codes.html#StaticLoggerBinder for further details.
Starting ChromeDriver 108.0.5359.71 (1e0e3868ee06e91ad636a874420e3ca3ae3756ac-refs/branch-heads/5359@{#1016}) on port 35497
Only local connections are allowed.
Please see https://chromedriver.chromium.org/security-considerations for suggestions on keeping ChromeDriver safe.
ChromeDriver was started successfully.
pro 05, 2022 2:28:56 PM org.openqa.selenium.devtools.CdpVersionFinder findNearestMatch
WARNING: Unable to find an exact match for CDP version 108, so returning the closest version found: 107
]]></system-err>
  </testcase>
  <testcase name="googleSearchTest" classname="SecondTest" time="1.604">
    <failure message="no such element: Unable to locate element: {&quot;method&quot;:&quot;xpath&quot;,&quot;selector&quot;:&quot;//*[@id=&quot;AppRouter-main-content&quot;]/div[2]/div/div[2]/div/div/div[2]/div[2]/div/div[1]/div/div[1]/div/a/div/div[1]/div/h6&quot;}&#10;  (Session info: chrome=108.0.5359.95)&#10;For documentation on this error, please visit: https://selenium.dev/exceptions/#no_such_element&#10;Build info: version: &apos;4.6.0&apos;, revision: &apos;79f1c02ae20&apos;&#10;System info: os.name: &apos;Windows 10&apos;, os.arch: &apos;amd64&apos;, os.version: &apos;10.0&apos;, java.version: &apos;19.0.1&apos;&#10;Driver info: org.openqa.selenium.chrome.ChromeDriver&#10;Command: [952c26363bdf870456990032ce7e11b4, findElement {using=xpath, value=//*[@id=&quot;AppRouter-main-content&quot;]/div[2]/div/div[2]/div/div/div[2]/div[2]/div/div[1]/div/div[1]/div/a/div/div[1]/div/h6}]&#10;Capabilities {acceptInsecureCerts: false, browserName: chrome, browserVersion: 108.0.5359.95, chrome: {chromedriverVersion: 108.0.5359.71 (1e0e3868ee06..., userDataDir: C:\Users\kety\AppData\Local...}, goog:chromeOptions: {debuggerAddress: localhost:63714}, networkConnectionEnabled: false, pageLoadStrategy: normal, platformName: WINDOWS, proxy: Proxy(), se:cdp: ws://localhost:63714/devtoo..., se:cdpVersion: 108.0.5359.95, setWindowRect: true, strictFileInteractability: false, timeouts: {implicit: 0, pageLoad: 300000, script: 30000}, unhandledPromptBehavior: dismiss and notify, webauthn:extension:credBlob: true, webauthn:extension:largeBlob: true, webauthn:virtualAuthenticators: true}&#10;Session ID: 952c26363bdf870456990032ce7e11b4" type="org.openqa.selenium.NoSuchElementException">org.openqa.selenium.NoSuchElementException: 
no such element: Unable to locate element: {"method":"xpath","selector":"//*[@id="AppRouter-main-content"]/div[2]/div/div[2]/div/div/div[2]/div[2]/div/div[1]/div/div[1]/div/a/div/div[1]/div/h6"}
  (Session info: chrome=108.0.5359.95)
For documentation on this error, please visit: https://selenium.dev/exceptions/#no_such_element
Build info: version: '4.6.0', revision: '79f1c02ae20'
System info: os.name: 'Windows 10', os.arch: 'amd64', os.version: '10.0', java.version: '19.0.1'
Driver info: org.openqa.selenium.chrome.ChromeDriver
Command: [952c26363bdf870456990032ce7e11b4, findElement {using=xpath, value=//*[@id="AppRouter-main-content"]/div[2]/div/div[2]/div/div/div[2]/div[2]/div/div[1]/div/div[1]/div/a/div/div[1]/div/h6}]
Capabilities {acceptInsecureCerts: false, browserName: chrome, browserVersion: 108.0.5359.95, chrome: {chromedriverVersion: 108.0.5359.71 (1e0e3868ee06..., userDataDir: C:\Users\kety\AppData\Local...}, goog:chromeOptions: {debuggerAddress: localhost:63714}, networkConnectionEnabled: false, pageLoadStrategy: normal, platformName: WINDOWS, proxy: Proxy(), se:cdp: ws://localhost:63714/devtoo..., se:cdpVersion: 108.0.5359.95, setWindowRect: true, strictFileInteractability: false, timeouts: {implicit: 0, pageLoad: 300000, script: 30000}, unhandledPromptBehavior: dismiss and notify, webauthn:extension:credBlob: true, webauthn:extension:largeBlob: true, webauthn:virtualAuthenticators: true}
Session ID: 952c26363bdf870456990032ce7e11b4
	at SecondTest.googleSearchTest(SecondTest.java:48)
</failure>
    <system-err><![CDATA[Starting ChromeDriver 108.0.5359.71 (1e0e3868ee06e91ad636a874420e3ca3ae3756ac-refs/branch-heads/5359@{#1016}) on port 5438
Only local connections are allowed.
Please see https://chromedriver.chromium.org/security-considerations for suggestions on keeping ChromeDriver safe.
ChromeDriver was started successfully.
pro 05, 2022 2:29:04 PM org.openqa.selenium.devtools.CdpVersionFinder findNearestMatch
WARNING: Unable to find an exact match for CDP version 108, so returning the closest version found: 107
]]></system-err>
  </testcase>
</testsuite>