<?xml version="1.0" encoding="UTF-8"?>
<!-- Generated by org.testng.reporters.JUnitReportReporter -->
<testsuite hostname="DESKTOP-V79TR36" failures="0" tests="6" name="ProtonEdgeTest" time="25.143" errors="0" timestamp="2023-01-30T00:44:06 CET" skipped="0">
  <testcase classname="ProtonEdgeTest" name="detailOfProduct" time="4.207"/>
  <system-out/>
  <testcase classname="ProtonEdgeTest" name="kirbySearchTest" time="3.438"/>
  <system-out/>
  <testcase classname="ProtonEdgeTest" name="loginPretplataTest" time="3.849"/>
  <system-out/>
  <testcase classname="ProtonEdgeTest" name="addAndRemoveFromCartTest" time="4.403"/>
  <system-out/>
  <testcase classname="ProtonEdgeTest" name="checkoutTest" time="4.430"/>
  <system-out/>
  <testcase classname="ProtonEdgeTest" name="filterProducts" time="4.816"/>
  <system-out/>
</testsuite> <!-- ProtonEdgeTest -->
