<?xml version="1.0" encoding="UTF-8"?>
<!-- Generated by org.testng.reporters.JUnitReportReporter -->
<testsuite hostname="DESKTOP-V79TR36" failures="0" tests="6" name="ProtonFirefoxTest" time="25.608" errors="0" timestamp="2023-01-30T00:44:06 CET" skipped="0">
  <testcase classname="ProtonFirefoxTest" name="loginPretplataTest" time="3.976"/>
  <system-out/>
  <testcase classname="ProtonFirefoxTest" name="addAndRemoveFromCartTest" time="4.584"/>
  <system-out/>
  <testcase classname="ProtonFirefoxTest" name="checkoutTest" time="4.287"/>
  <system-out/>
  <testcase classname="ProtonFirefoxTest" name="filterProducts" time="4.861"/>
  <system-out/>
  <testcase classname="ProtonFirefoxTest" name="detailOfProduct" time="4.339"/>
  <system-out/>
  <testcase classname="ProtonFirefoxTest" name="kirbySearchTest" time="3.561"/>
  <system-out/>
</testsuite> <!-- ProtonFirefoxTest -->
