<?xml version="1.0" encoding="UTF-8"?>
<!-- Generated by org.testng.reporters.JUnitReportReporter -->
<testsuite hostname="DESKTOP-V79TR36" failures="0" tests="6" name="ProtonChromeTest" time="15.324" errors="0" timestamp="2023-01-30T00:44:06 CET" skipped="0">
  <testcase classname="ProtonChromeTest" name="kirbySearchTest" time="2.297"/>
  <system-out/>
  <testcase classname="ProtonChromeTest" name="filterProducts" time="3.037"/>
  <system-out/>
  <testcase classname="ProtonChromeTest" name="loginPretplataTest" time="2.135"/>
  <system-out/>
  <testcase classname="ProtonChromeTest" name="addAndRemoveFromCartTest" time="2.660"/>
  <system-out/>
  <testcase classname="ProtonChromeTest" name="checkoutTest" time="2.673"/>
  <system-out/>
  <testcase classname="ProtonChromeTest" name="detailOfProduct" time="2.522"/>
  <system-out/>
</testsuite> <!-- ProtonChromeTest -->
