<?xml version="1.0" encoding="UTF-8"?>
<!-- Generated by org.testng.reporters.JUnitReportReporter -->
<testsuite hostname="DESKTOP-V79TR36" failures="0" tests="6" name="ProtonTest" time="15.298" errors="0" timestamp="2022-12-20T12:07:03 CET" skipped="0">
  <testcase classname="ProtonTest" name="checkoutTest" time="2.797"/>
  <system-out/>
  <testcase classname="ProtonTest" name="detailOfProduct" time="3.414"/>
  <system-out/>
  <testcase classname="ProtonTest" name="loginPretplataTest" time="2.283"/>
  <system-out/>
  <testcase classname="ProtonTest" name="filterProducts" time="2.190"/>
  <system-out/>
  <testcase classname="ProtonTest" name="kirbySearchTest" time="1.804"/>
  <system-out/>
  <testcase classname="ProtonTest" name="addAndRemoveFromCartTest" time="2.810"/>
  <system-out/>
</testsuite> <!-- ProtonTest -->
